Using pre-set license
Built from '2020.3/staging' branch; Version is '2020.3.8f1 (507919d4fff5) revision 5273881'; Using compiler version '192528614'; Build Type 'Release'
OS: 'Windows 10 Pro; OS build 19041.928; Version 2004; 64bit' Language: 'ru' Physical Memory: 24441 MB
BatchMode: 1, IsHumanControllingUs: 0, StartBugReporterOnCrash: 0, Is64bit: 1, IsPro: 0

 COMMAND LINE ARGUMENTS:
C:\Program Files\Unity\Hub\Editor\2020.3.8f1\Editor\Unity.exe
-adb2
-batchMode
-noUpm
-name
AssetImportWorker0
-projectPath
C:/Users/HaoAsakura/YandexDisk/SS_ISH/Demon/git-demon/Demostrator/unity_hmi
-logFile
Logs/AssetImportWorker0.log
-srvPort
56374
Successfully changed project path to: C:/Users/HaoAsakura/YandexDisk/SS_ISH/Demon/git-demon/Demostrator/unity_hmi
C:/Users/HaoAsakura/YandexDisk/SS_ISH/Demon/git-demon/Demostrator/unity_hmi
Using Asset Import Pipeline V2.
Refreshing native plugins compatible for Editor in 97.08 ms, found 1 plugins.
Preloading 0 native plugins for Editor in 0.00 ms.
Initialize engine version: 2020.3.8f1 (507919d4fff5)
[Subsystems] Discovering subsystems at path C:/Program Files/Unity/Hub/Editor/2020.3.8f1/Editor/Data/Resources/UnitySubsystems
[Subsystems] Discovering subsystems at path C:/Users/HaoAsakura/YandexDisk/SS_ISH/Demon/git-demon/Demostrator/unity_hmi/Assets
GfxDevice: creating device client; threaded=0
Direct3D:
    Version:  Direct3D 11.0 [level 11.1]
    Renderer: NVIDIA GeForce GTX 1060 with Max-Q Design (ID=0x1c20)
    Vendor:   
    VRAM:     6052 MB
    Driver:   27.21.14.6627
Initialize mono
Mono path[0] = 'C:/Program Files/Unity/Hub/Editor/2020.3.8f1/Editor/Data/Managed'
Mono path[1] = 'C:/Program Files/Unity/Hub/Editor/2020.3.8f1/Editor/Data/MonoBleedingEdge/lib/mono/unityjit'
Mono config path = 'C:/Program Files/Unity/Hub/Editor/2020.3.8f1/Editor/Data/MonoBleedingEdge/etc'
Using monoOptions --debugger-agent=transport=dt_socket,embedding=1,server=y,suspend=n,address=127.0.0.1:56760
Begin MonoManager ReloadAssembly
Registering precompiled unity dll's ...
Register platform support module: C:/Program Files/Unity/Hub/Editor/2020.3.8f1/Editor/Data/PlaybackEngines/WindowsStandaloneSupport/UnityEditor.WindowsStandalone.Extensions.dll
Registered in 0.002983 seconds.
Native extension for WindowsStandalone target not found
Refreshing native plugins compatible for Editor in 90.08 ms, found 1 plugins.
Preloading 0 native plugins for Editor in 0.00 ms.
Mono: successfully reloaded assembly
- Completed reload, in  1.392 seconds
Platform modules already initialized, skipping
Registering precompiled user dll's ...
Registered in 0.018893 seconds.
Begin MonoManager ReloadAssembly
Native extension for WindowsStandalone target not found
Refreshing native plugins compatible for Editor in 100.91 ms, found 1 plugins.
Preloading 0 native plugins for Editor in 0.00 ms.
Mono: successfully reloaded assembly
- Completed reload, in  2.753 seconds
Platform modules already initialized, skipping
========================================================================
Worker process is ready to serve import requests
Launched and connected shader compiler UnityShaderCompiler.exe after 0.05 seconds
Refreshing native plugins compatible for Editor in 1.17 ms, found 1 plugins.
Preloading 0 native plugins for Editor in 0.00 ms.
Unloading 3511 Unused Serialized files (Serialized files now loaded: 0)
System memory in use before: 141.1 MB.
System memory in use after: 141.3 MB.

Unloading 185 unused Assets to reduce memory usage. Loaded Objects now: 3954.
Total: 28.105000 ms (FindLiveObjects: 0.343800 ms CreateObjectMapping: 0.210900 ms MarkObjects: 27.294500 ms  DeleteObjects: 0.254200 ms)

========================================================================
Received Import Request.
  path: Assets/Scripts/Command/PointPrefab
  artifactKey: Guid(3904e6f77f9f1514b8476e759873262c) Importer(815301076,1909f56bfc062723c751e8b465ee728b)
Start importing Assets/Scripts/Command/PointPrefab using Guid(3904e6f77f9f1514b8476e759873262c) Importer(815301076,1909f56bfc062723c751e8b465ee728b)  -> (artifact id: '44950016f0bf8687a492edda3b4f1a8b') in 0.011961 seconds
  Import took 0.018417 seconds .

========================================================================
Received Import Request.
  Time since last request: 36.297497 seconds.
  path: Assets/Scripts/Command/Anchor/AnchorMethod.cs
  artifactKey: Guid(4554d09349c309f4bb669939bb9e126c) Importer(815301076,1909f56bfc062723c751e8b465ee728b)
Start importing Assets/Scripts/Command/Anchor/AnchorMethod.cs using Guid(4554d09349c309f4bb669939bb9e126c) Importer(815301076,1909f56bfc062723c751e8b465ee728b)  -> (artifact id: '84429ddda8c8bd715b6b1806f6e5c775') in 0.113339 seconds
  Import took 0.133772 seconds .

========================================================================
Received Prepare
Registering precompiled user dll's ...
Registered in 0.030549 seconds.
Begin MonoManager ReloadAssembly
Native extension for WindowsStandalone target not found
Refreshing native plugins compatible for Editor in 1.01 ms, found 1 plugins.
Preloading 0 native plugins for Editor in 0.00 ms.
Mono: successfully reloaded assembly
- Completed reload, in  5.814 seconds
Platform modules already initialized, skipping
Refreshing native plugins compatible for Editor in 2.57 ms, found 1 plugins.
Preloading 0 native plugins for Editor in 0.00 ms.
Unloading 3441 Unused Serialized files (Serialized files now loaded: 0)
System memory in use before: 134.8 MB.
System memory in use after: 135.0 MB.

Unloading 181 unused Assets to reduce memory usage. Loaded Objects now: 3958.
Total: 73.279400 ms (FindLiveObjects: 0.355200 ms CreateObjectMapping: 0.213800 ms MarkObjects: 72.468100 ms  DeleteObjects: 0.240100 ms)

========================================================================
Received Import Request.
  Time since last request: 595.107520 seconds.
  path: Assets/Scripts/Command/Anchor/AnchorMethod.cs
  artifactKey: Guid(4554d09349c309f4bb669939bb9e126c) Importer(815301076,1909f56bfc062723c751e8b465ee728b)
Start importing Assets/Scripts/Command/Anchor/AnchorMethod.cs using Guid(4554d09349c309f4bb669939bb9e126c) Importer(815301076,1909f56bfc062723c751e8b465ee728b)  -> (artifact id: 'bb0bd1da210aa2f96c0e3b9665bd7876') in 0.033906 seconds
  Import took 0.056815 seconds .

========================================================================
Received Import Request.
  Time since last request: 0.056529 seconds.
  path: Assets/Scripts/Command/Anchor/AnchorMethod.cs
  artifactKey: Guid(4554d09349c309f4bb669939bb9e126c) Importer(815301076,1909f56bfc062723c751e8b465ee728b)
Start importing Assets/Scripts/Command/Anchor/AnchorMethod.cs using Guid(4554d09349c309f4bb669939bb9e126c) Importer(815301076,1909f56bfc062723c751e8b465ee728b)  -> (artifact id: 'bb0bd1da210aa2f96c0e3b9665bd7876') in 0.022745 seconds
  Import took 0.051209 seconds .

========================================================================
Received Prepare
Registering precompiled user dll's ...
Registered in 0.017334 seconds.
Begin MonoManager ReloadAssembly
Native extension for WindowsStandalone target not found
Refreshing native plugins compatible for Editor in 1.15 ms, found 1 plugins.
Preloading 0 native plugins for Editor in 0.00 ms.
Mono: successfully reloaded assembly
- Completed reload, in  2.571 seconds
Platform modules already initialized, skipping
Refreshing native plugins compatible for Editor in 0.95 ms, found 1 plugins.
Preloading 0 native plugins for Editor in 0.00 ms.
Unloading 3441 Unused Serialized files (Serialized files now loaded: 0)
System memory in use before: 134.8 MB.
System memory in use after: 135.0 MB.

Unloading 181 unused Assets to reduce memory usage. Loaded Objects now: 3961.
Total: 33.728500 ms (FindLiveObjects: 0.854600 ms CreateObjectMapping: 0.426300 ms MarkObjects: 32.190200 ms  DeleteObjects: 0.255400 ms)

========================================================================
Received Prepare
Registering precompiled user dll's ...
Registered in 0.017532 seconds.
Begin MonoManager ReloadAssembly
Native extension for WindowsStandalone target not found
Refreshing native plugins compatible for Editor in 1.11 ms, found 1 plugins.
Preloading 0 native plugins for Editor in 0.00 ms.
Mono: successfully reloaded assembly
- Completed reload, in  2.568 seconds
Platform modules already initialized, skipping
Refreshing native plugins compatible for Editor in 0.95 ms, found 1 plugins.
Preloading 0 native plugins for Editor in 0.00 ms.
Unloading 3441 Unused Serialized files (Serialized files now loaded: 0)
System memory in use before: 134.8 MB.
System memory in use after: 135.1 MB.

Unloading 181 unused Assets to reduce memory usage. Loaded Objects now: 3964.
Total: 32.655500 ms (FindLiveObjects: 0.507500 ms CreateObjectMapping: 0.321000 ms MarkObjects: 31.574200 ms  DeleteObjects: 0.251300 ms)

========================================================================
Received Prepare
Registering precompiled user dll's ...
Registered in 0.018871 seconds.
Begin MonoManager ReloadAssembly
Native extension for WindowsStandalone target not found
Refreshing native plugins compatible for Editor in 0.92 ms, found 1 plugins.
Preloading 0 native plugins for Editor in 0.00 ms.
Mono: successfully reloaded assembly
- Completed reload, in  2.608 seconds
Platform modules already initialized, skipping
Refreshing native plugins compatible for Editor in 0.98 ms, found 1 plugins.
Preloading 0 native plugins for Editor in 0.00 ms.
Unloading 3441 Unused Serialized files (Serialized files now loaded: 0)
System memory in use before: 134.9 MB.
System memory in use after: 135.1 MB.

Unloading 181 unused Assets to reduce memory usage. Loaded Objects now: 3967.
Total: 29.561200 ms (FindLiveObjects: 0.614000 ms CreateObjectMapping: 0.253900 ms MarkObjects: 28.455700 ms  DeleteObjects: 0.235500 ms)

========================================================================
Received Prepare
Registering precompiled user dll's ...
Registered in 0.022057 seconds.
Begin MonoManager ReloadAssembly
Native extension for WindowsStandalone target not found
Refreshing native plugins compatible for Editor in 0.92 ms, found 1 plugins.
Preloading 0 native plugins for Editor in 0.00 ms.
Mono: successfully reloaded assembly
- Completed reload, in  2.453 seconds
Platform modules already initialized, skipping
Refreshing native plugins compatible for Editor in 0.94 ms, found 1 plugins.
Preloading 0 native plugins for Editor in 0.00 ms.
Unloading 3441 Unused Serialized files (Serialized files now loaded: 0)
System memory in use before: 134.9 MB.
System memory in use after: 135.1 MB.

Unloading 181 unused Assets to reduce memory usage. Loaded Objects now: 3970.
Total: 32.949300 ms (FindLiveObjects: 0.361300 ms CreateObjectMapping: 0.211700 ms MarkObjects: 32.141500 ms  DeleteObjects: 0.233100 ms)

========================================================================
Received Import Request.
  Time since last request: 506.425390 seconds.
  path: Assets/Scripts/Command/Anchor/AnchorPoint.prefab
  artifactKey: Guid(14f77cff9eba6714ca54c131cf5ff9fb) Importer(815301076,1909f56bfc062723c751e8b465ee728b)
Start importing Assets/Scripts/Command/Anchor/AnchorPoint.prefab using Guid(14f77cff9eba6714ca54c131cf5ff9fb) Importer(815301076,1909f56bfc062723c751e8b465ee728b)  -> (artifact id: '88c94c596b438bc9ab6e0ed0e676942c') in 0.107812 seconds
  Import took 0.115175 seconds .

========================================================================
Received Import Request.
  Time since last request: 71.968868 seconds.
  path: Assets/Scripts/Command/Anchor/AnchorHighlighter.cs
  artifactKey: Guid(391bfbeb65ec29c4e8bc9af079a36ee4) Importer(815301076,1909f56bfc062723c751e8b465ee728b)
Start importing Assets/Scripts/Command/Anchor/AnchorHighlighter.cs using Guid(391bfbeb65ec29c4e8bc9af079a36ee4) Importer(815301076,1909f56bfc062723c751e8b465ee728b)  -> (artifact id: 'dcbeca73bbb7d7c23eaff89e9996f815') in 0.017956 seconds
  Import took 0.029815 seconds .

========================================================================
Received Prepare
Registering precompiled user dll's ...
Registered in 0.018066 seconds.
Begin MonoManager ReloadAssembly
Native extension for WindowsStandalone target not found
Refreshing native plugins compatible for Editor in 1.16 ms, found 1 plugins.
Preloading 0 native plugins for Editor in 0.00 ms.
Mono: successfully reloaded assembly
- Completed reload, in  2.695 seconds
Platform modules already initialized, skipping
Refreshing native plugins compatible for Editor in 0.99 ms, found 1 plugins.
Preloading 0 native plugins for Editor in 0.00 ms.
Unloading 3442 Unused Serialized files (Serialized files now loaded: 0)
System memory in use before: 137.9 MB.
System memory in use after: 138.2 MB.

Unloading 182 unused Assets to reduce memory usage. Loaded Objects now: 3982.
Total: 27.432700 ms (FindLiveObjects: 0.326800 ms CreateObjectMapping: 0.194000 ms MarkObjects: 26.663000 ms  DeleteObjects: 0.247600 ms)

